<?xml version='1.0'?>
<ns2:test-suite xmlns:ns2='urn:model.allure.qatools.yandex.ru' start='1592155971363' stop='1592155973743'>
    <name>Test whether hidden elements exist</name>
    <title>Test whether hidden elements exist</title>
    <test-cases>
        <test-case start='1592155971363' status='passed' stop='1592155972696'>
            <name>Set to display: none; Still exists in DOM return true</name>
            <title>Set to display: none; Still exists in DOM return true</title>
            <labels>
                <label name='language' value='javascript'/>
                <label name='framework' value='wdio'/>
                <label name='thread' value='0-0'/>
            </labels>
            <parameters>
                <parameter kind='argument' name='browser' value='chrome'/>
                <parameter kind='environment-variable' name='capabilities' value='{"maxInstances":5,"browserName":"chrome"}'/>
                <parameter kind='environment-variable' name='spec files' value='["/Users/sysadmin/Desktop/dev/automation-testing-projects/tests/09-verify-elements.js"]'/>
            </parameters>
            <steps>
                <step start='1592155971366' status='passed' stop='1592155972668'>
                    <name>POST /wd/hub/session/cb912d05e8b42e076b1cf00887d7b4e2/url</name>
                    <title>POST /wd/hub/session/cb912d05e8b42e076b1cf00887d7b4e2/url</title>
                    <attachments>
                        <attachment title='Request' source='60641f2d-537b-4288-aedc-e9d81c52a8a4-attachment.json' type='application/json' size='78'/>
                        <attachment title='Response' source='182c543e-e1e3-446d-b88d-44cdf2c0af76-attachment.json' type='application/json' size='91'/>
                    </attachments>
                    <steps/>
                </step>
                <step start='1592155972678' status='passed' stop='1592155972694'>
                    <name>POST /wd/hub/session/cb912d05e8b42e076b1cf00887d7b4e2/elements</name>
                    <title>POST /wd/hub/session/cb912d05e8b42e076b1cf00887d7b4e2/elements</title>
                    <attachments>
                        <attachment title='Request' source='e40515a9-a2c0-42ca-91e4-416f3834fa01-attachment.json' type='application/json' size='51'/>
                        <attachment title='Response' source='33d0ce0a-5224-4dfd-9812-f92e37c93267-attachment.json' type='application/json' size='160'/>
                    </attachments>
                    <steps/>
                </step>
            </steps>
            <attachments/>
        </test-case>
        <test-case start='1592155972697' status='passed' stop='1592155972796'>
            <name>Set to visibility: hidden; Still exists in DOM return true</name>
            <title>Set to visibility: hidden; Still exists in DOM return true</title>
            <labels>
                <label name='language' value='javascript'/>
                <label name='framework' value='wdio'/>
                <label name='thread' value='0-0'/>
            </labels>
            <parameters>
                <parameter kind='argument' name='browser' value='chrome'/>
                <parameter kind='environment-variable' name='capabilities' value='{"maxInstances":5,"browserName":"chrome"}'/>
                <parameter kind='environment-variable' name='spec files' value='["/Users/sysadmin/Desktop/dev/automation-testing-projects/tests/09-verify-elements.js"]'/>
            </parameters>
            <steps>
                <step start='1592155972697' status='passed' stop='1592155972774'>
                    <name>POST /wd/hub/session/cb912d05e8b42e076b1cf00887d7b4e2/url</name>
                    <title>POST /wd/hub/session/cb912d05e8b42e076b1cf00887d7b4e2/url</title>
                    <attachments>
                        <attachment title='Request' source='77e69310-c95e-4ad3-baab-aae343770a10-attachment.json' type='application/json' size='78'/>
                        <attachment title='Response' source='786cf300-8024-492d-bb05-9332250440b6-attachment.json' type='application/json' size='91'/>
                    </attachments>
                    <steps/>
                </step>
                <step start='1592155972776' status='passed' stop='1592155972795'>
                    <name>POST /wd/hub/session/cb912d05e8b42e076b1cf00887d7b4e2/elements</name>
                    <title>POST /wd/hub/session/cb912d05e8b42e076b1cf00887d7b4e2/elements</title>
                    <attachments>
                        <attachment title='Request' source='76bd5baf-ff92-428f-8309-0387fa35d20a-attachment.json' type='application/json' size='55'/>
                        <attachment title='Response' source='ac73dfd0-47c2-4955-b474-6668ca546cf4-attachment.json' type='application/json' size='161'/>
                    </attachments>
                    <steps/>
                </step>
            </steps>
            <attachments/>
        </test-case>
        <test-case start='1592155972796' status='passed' stop='1592155972887'>
            <name>Set to opacity: 0; Still exists in DOM return true</name>
            <title>Set to opacity: 0; Still exists in DOM return true</title>
            <labels>
                <label name='language' value='javascript'/>
                <label name='framework' value='wdio'/>
                <label name='thread' value='0-0'/>
            </labels>
            <parameters>
                <parameter kind='argument' name='browser' value='chrome'/>
                <parameter kind='environment-variable' name='capabilities' value='{"maxInstances":5,"browserName":"chrome"}'/>
                <parameter kind='environment-variable' name='spec files' value='["/Users/sysadmin/Desktop/dev/automation-testing-projects/tests/09-verify-elements.js"]'/>
            </parameters>
            <steps>
                <step start='1592155972797' status='passed' stop='1592155972866'>
                    <name>POST /wd/hub/session/cb912d05e8b42e076b1cf00887d7b4e2/url</name>
                    <title>POST /wd/hub/session/cb912d05e8b42e076b1cf00887d7b4e2/url</title>
                    <attachments>
                        <attachment title='Request' source='9135769e-f189-4cb4-bb72-bf31bf286529-attachment.json' type='application/json' size='78'/>
                        <attachment title='Response' source='1861d220-d844-4445-bcf7-2bd21f1f8c40-attachment.json' type='application/json' size='91'/>
                    </attachments>
                    <steps/>
                </step>
                <step start='1592155972868' status='passed' stop='1592155972886'>
                    <name>POST /wd/hub/session/cb912d05e8b42e076b1cf00887d7b4e2/elements</name>
                    <title>POST /wd/hub/session/cb912d05e8b42e076b1cf00887d7b4e2/elements</title>
                    <attachments>
                        <attachment title='Request' source='2744b10d-d340-4628-94d0-a40907beb557-attachment.json' type='application/json' size='50'/>
                        <attachment title='Response' source='b883f4f5-d8a8-4020-b6a2-4299d7574cf0-attachment.json' type='application/json' size='160'/>
                    </attachments>
                    <steps/>
                </step>
            </steps>
            <attachments/>
        </test-case>
        <test-case start='1592155972887' status='passed' stop='1592155972974'>
            <name>Header text always visible &amp; should return true</name>
            <title>Header text always visible &amp; should return true</title>
            <labels>
                <label name='language' value='javascript'/>
                <label name='framework' value='wdio'/>
                <label name='thread' value='0-0'/>
            </labels>
            <parameters>
                <parameter kind='argument' name='browser' value='chrome'/>
                <parameter kind='environment-variable' name='capabilities' value='{"maxInstances":5,"browserName":"chrome"}'/>
                <parameter kind='environment-variable' name='spec files' value='["/Users/sysadmin/Desktop/dev/automation-testing-projects/tests/09-verify-elements.js"]'/>
            </parameters>
            <steps>
                <step start='1592155972888' status='passed' stop='1592155972955'>
                    <name>POST /wd/hub/session/cb912d05e8b42e076b1cf00887d7b4e2/url</name>
                    <title>POST /wd/hub/session/cb912d05e8b42e076b1cf00887d7b4e2/url</title>
                    <attachments>
                        <attachment title='Request' source='0ecb3384-6e85-4476-988a-184b88a5b597-attachment.json' type='application/json' size='78'/>
                        <attachment title='Response' source='891d5583-8e01-4b04-bf62-a188adecdf27-attachment.json' type='application/json' size='91'/>
                    </attachments>
                    <steps/>
                </step>
                <step start='1592155972958' status='passed' stop='1592155972973'>
                    <name>POST /wd/hub/session/cb912d05e8b42e076b1cf00887d7b4e2/elements</name>
                    <title>POST /wd/hub/session/cb912d05e8b42e076b1cf00887d7b4e2/elements</title>
                    <attachments>
                        <attachment title='Request' source='94c24640-12c1-4f69-8386-b83cc21db3c4-attachment.json' type='application/json' size='50'/>
                        <attachment title='Response' source='57b4fa7b-b011-42b5-b67a-8b423f767e70-attachment.json' type='application/json' size='160'/>
                    </attachments>
                    <steps/>
                </step>
            </steps>
            <attachments/>
        </test-case>
        <test-case start='1592155972974' status='passed' stop='1592155973045'>
            <name>No such element should return false</name>
            <title>No such element should return false</title>
            <labels>
                <label name='language' value='javascript'/>
                <label name='framework' value='wdio'/>
                <label name='thread' value='0-0'/>
            </labels>
            <parameters>
                <parameter kind='argument' name='browser' value='chrome'/>
                <parameter kind='environment-variable' name='capabilities' value='{"maxInstances":5,"browserName":"chrome"}'/>
                <parameter kind='environment-variable' name='spec files' value='["/Users/sysadmin/Desktop/dev/automation-testing-projects/tests/09-verify-elements.js"]'/>
            </parameters>
            <steps>
                <step start='1592155972976' status='passed' stop='1592155973028'>
                    <name>POST /wd/hub/session/cb912d05e8b42e076b1cf00887d7b4e2/url</name>
                    <title>POST /wd/hub/session/cb912d05e8b42e076b1cf00887d7b4e2/url</title>
                    <attachments>
                        <attachment title='Request' source='1a3bacc4-0ca6-4821-83d7-7e66f607a7bf-attachment.json' type='application/json' size='78'/>
                        <attachment title='Response' source='62b27bcf-eafe-4fcc-9c2f-cafa848c7aa9-attachment.json' type='application/json' size='91'/>
                    </attachments>
                    <steps/>
                </step>
                <step start='1592155973031' status='passed' stop='1592155973045'>
                    <name>POST /wd/hub/session/cb912d05e8b42e076b1cf00887d7b4e2/elements</name>
                    <title>POST /wd/hub/session/cb912d05e8b42e076b1cf00887d7b4e2/elements</title>
                    <attachments>
                        <attachment title='Request' source='4e088432-1c26-42e5-b622-19463822c6ca-attachment.json' type='application/json' size='53'/>
                        <attachment title='Response' source='409d0a3a-e2ae-4a66-a47f-3bc5fc68120b-attachment.json' type='application/json' size='89'/>
                    </attachments>
                    <steps/>
                </step>
            </steps>
            <attachments/>
        </test-case>
        <test-case start='1592155973046' status='passed' stop='1592155973133'>
            <name>Should be false, set to display: none</name>
            <title>Should be false, set to display: none</title>
            <labels>
                <label name='language' value='javascript'/>
                <label name='framework' value='wdio'/>
                <label name='thread' value='0-0'/>
            </labels>
            <parameters>
                <parameter kind='argument' name='browser' value='chrome'/>
                <parameter kind='environment-variable' name='capabilities' value='{"maxInstances":5,"browserName":"chrome"}'/>
                <parameter kind='environment-variable' name='spec files' value='["/Users/sysadmin/Desktop/dev/automation-testing-projects/tests/09-verify-elements.js"]'/>
            </parameters>
            <steps>
                <step start='1592155973046' status='passed' stop='1592155973103'>
                    <name>POST /wd/hub/session/cb912d05e8b42e076b1cf00887d7b4e2/url</name>
                    <title>POST /wd/hub/session/cb912d05e8b42e076b1cf00887d7b4e2/url</title>
                    <attachments>
                        <attachment title='Request' source='567b3512-cd65-4975-ad05-a12e3d0db792-attachment.json' type='application/json' size='78'/>
                        <attachment title='Response' source='46cf5a8b-664b-41e7-8cba-f62eb76b9979-attachment.json' type='application/json' size='91'/>
                    </attachments>
                    <steps/>
                </step>
                <step start='1592155973106' status='passed' stop='1592155973117'>
                    <name>POST /wd/hub/session/cb912d05e8b42e076b1cf00887d7b4e2/elements</name>
                    <title>POST /wd/hub/session/cb912d05e8b42e076b1cf00887d7b4e2/elements</title>
                    <attachments>
                        <attachment title='Request' source='8fd5d9a2-73f8-4b76-b371-229dcf1d93d4-attachment.json' type='application/json' size='51'/>
                        <attachment title='Response' source='ca470472-1665-4132-8a6c-9cd737a75241-attachment.json' type='application/json' size='160'/>
                    </attachments>
                    <steps/>
                </step>
                <step start='1592155973117' status='passed' stop='1592155973132'>
                    <name>GET /wd/hub/session/cb912d05e8b42e076b1cf00887d7b4e2/element/0.7974061125595533-1/displayed</name>
                    <title>GET /wd/hub/session/cb912d05e8b42e076b1cf00887d7b4e2/element/0.7974061125595533-1/displayed</title>
                    <attachments>
                        <attachment title='Response' source='b4cb85c7-5a36-4861-bbeb-ac478d7c68a1-attachment.json' type='application/json' size='92'/>
                    </attachments>
                    <steps/>
                </step>
            </steps>
            <attachments/>
        </test-case>
        <test-case start='1592155973133' status='passed' stop='1592155973230'>
            <name>Should be false, set to visibility: hidden</name>
            <title>Should be false, set to visibility: hidden</title>
            <labels>
                <label name='language' value='javascript'/>
                <label name='framework' value='wdio'/>
                <label name='thread' value='0-0'/>
            </labels>
            <parameters>
                <parameter kind='argument' name='browser' value='chrome'/>
                <parameter kind='environment-variable' name='capabilities' value='{"maxInstances":5,"browserName":"chrome"}'/>
                <parameter kind='environment-variable' name='spec files' value='["/Users/sysadmin/Desktop/dev/automation-testing-projects/tests/09-verify-elements.js"]'/>
            </parameters>
            <steps>
                <step start='1592155973134' status='passed' stop='1592155973201'>
                    <name>POST /wd/hub/session/cb912d05e8b42e076b1cf00887d7b4e2/url</name>
                    <title>POST /wd/hub/session/cb912d05e8b42e076b1cf00887d7b4e2/url</title>
                    <attachments>
                        <attachment title='Request' source='08d18fcb-1e14-40c1-a0b2-2c3f1803978c-attachment.json' type='application/json' size='78'/>
                        <attachment title='Response' source='90ca52d3-d808-4729-8d91-b95602083805-attachment.json' type='application/json' size='91'/>
                    </attachments>
                    <steps/>
                </step>
                <step start='1592155973203' status='passed' stop='1592155973215'>
                    <name>POST /wd/hub/session/cb912d05e8b42e076b1cf00887d7b4e2/elements</name>
                    <title>POST /wd/hub/session/cb912d05e8b42e076b1cf00887d7b4e2/elements</title>
                    <attachments>
                        <attachment title='Request' source='a4767e60-4d44-4e8e-8220-e369de650816-attachment.json' type='application/json' size='55'/>
                        <attachment title='Response' source='591c8b13-e4fb-497e-ab63-7c1c7baa0ff9-attachment.json' type='application/json' size='161'/>
                    </attachments>
                    <steps/>
                </step>
                <step start='1592155973215' status='passed' stop='1592155973230'>
                    <name>GET /wd/hub/session/cb912d05e8b42e076b1cf00887d7b4e2/element/0.15348148004176387-1/displayed</name>
                    <title>GET /wd/hub/session/cb912d05e8b42e076b1cf00887d7b4e2/element/0.15348148004176387-1/displayed</title>
                    <attachments>
                        <attachment title='Response' source='13bd4257-cbbd-456a-8e39-e0caa23cd1b5-attachment.json' type='application/json' size='92'/>
                    </attachments>
                    <steps/>
                </step>
            </steps>
            <attachments/>
        </test-case>
        <test-case start='1592155973231' status='passed' stop='1592155973340'>
            <name>Should be false, set to opacity: 0</name>
            <title>Should be false, set to opacity: 0</title>
            <labels>
                <label name='language' value='javascript'/>
                <label name='framework' value='wdio'/>
                <label name='thread' value='0-0'/>
            </labels>
            <parameters>
                <parameter kind='argument' name='browser' value='chrome'/>
                <parameter kind='environment-variable' name='capabilities' value='{"maxInstances":5,"browserName":"chrome"}'/>
                <parameter kind='environment-variable' name='spec files' value='["/Users/sysadmin/Desktop/dev/automation-testing-projects/tests/09-verify-elements.js"]'/>
            </parameters>
            <steps>
                <step start='1592155973232' status='passed' stop='1592155973312'>
                    <name>POST /wd/hub/session/cb912d05e8b42e076b1cf00887d7b4e2/url</name>
                    <title>POST /wd/hub/session/cb912d05e8b42e076b1cf00887d7b4e2/url</title>
                    <attachments>
                        <attachment title='Request' source='3138fc26-d700-4230-ab1e-d1ac734ab187-attachment.json' type='application/json' size='78'/>
                        <attachment title='Response' source='279d07a6-8d1b-489e-9a98-78ab0a19ece2-attachment.json' type='application/json' size='91'/>
                    </attachments>
                    <steps/>
                </step>
                <step start='1592155973315' status='passed' stop='1592155973327'>
                    <name>POST /wd/hub/session/cb912d05e8b42e076b1cf00887d7b4e2/elements</name>
                    <title>POST /wd/hub/session/cb912d05e8b42e076b1cf00887d7b4e2/elements</title>
                    <attachments>
                        <attachment title='Request' source='1525aea8-b791-4d1c-bb09-d968c179451e-attachment.json' type='application/json' size='50'/>
                        <attachment title='Response' source='e6d9e65f-41d9-4a04-a09c-5e722755f149-attachment.json' type='application/json' size='160'/>
                    </attachments>
                    <steps/>
                </step>
                <step start='1592155973327' status='passed' stop='1592155973339'>
                    <name>GET /wd/hub/session/cb912d05e8b42e076b1cf00887d7b4e2/element/0.9380311736366946-1/displayed</name>
                    <title>GET /wd/hub/session/cb912d05e8b42e076b1cf00887d7b4e2/element/0.9380311736366946-1/displayed</title>
                    <attachments>
                        <attachment title='Response' source='fdc33948-104b-4030-b73f-d685c2bb6b08-attachment.json' type='application/json' size='92'/>
                    </attachments>
                    <steps/>
                </step>
            </steps>
            <attachments/>
        </test-case>
        <test-case start='1592155973340' status='passed' stop='1592155973454'>
            <name>Header text always visible &amp; should return true</name>
            <title>Header text always visible &amp; should return true</title>
            <labels>
                <label name='language' value='javascript'/>
                <label name='framework' value='wdio'/>
                <label name='thread' value='0-0'/>
            </labels>
            <parameters>
                <parameter kind='argument' name='browser' value='chrome'/>
                <parameter kind='environment-variable' name='capabilities' value='{"maxInstances":5,"browserName":"chrome"}'/>
                <parameter kind='environment-variable' name='spec files' value='["/Users/sysadmin/Desktop/dev/automation-testing-projects/tests/09-verify-elements.js"]'/>
            </parameters>
            <steps>
                <step start='1592155973341' status='passed' stop='1592155973412'>
                    <name>POST /wd/hub/session/cb912d05e8b42e076b1cf00887d7b4e2/url</name>
                    <title>POST /wd/hub/session/cb912d05e8b42e076b1cf00887d7b4e2/url</title>
                    <attachments>
                        <attachment title='Request' source='98d3c330-c0a4-4a70-9a72-4769c5131c26-attachment.json' type='application/json' size='78'/>
                        <attachment title='Response' source='4241de3f-946e-4ffe-802b-7882f899ede8-attachment.json' type='application/json' size='91'/>
                    </attachments>
                    <steps/>
                </step>
                <step start='1592155973420' status='passed' stop='1592155973440'>
                    <name>POST /wd/hub/session/cb912d05e8b42e076b1cf00887d7b4e2/elements</name>
                    <title>POST /wd/hub/session/cb912d05e8b42e076b1cf00887d7b4e2/elements</title>
                    <attachments>
                        <attachment title='Request' source='8423adee-c58f-4136-9c89-bd811948748b-attachment.json' type='application/json' size='50'/>
                        <attachment title='Response' source='f0dd36f9-ce30-40c9-a1b7-e7b46519cce2-attachment.json' type='application/json' size='160'/>
                    </attachments>
                    <steps/>
                </step>
                <step start='1592155973440' status='passed' stop='1592155973454'>
                    <name>GET /wd/hub/session/cb912d05e8b42e076b1cf00887d7b4e2/element/0.8053481364687505-1/displayed</name>
                    <title>GET /wd/hub/session/cb912d05e8b42e076b1cf00887d7b4e2/element/0.8053481364687505-1/displayed</title>
                    <attachments>
                        <attachment title='Response' source='d2ff5eb1-b8d3-49c9-a6cb-b3aa88bc64da-attachment.json' type='application/json' size='91'/>
                    </attachments>
                    <steps/>
                </step>
            </steps>
            <attachments/>
        </test-case>
        <test-case start='1592155973454' status='failed' stop='1592155973547'>
            <name>No such element should return false</name>
            <title>No such element should return false</title>
            <labels>
                <label name='language' value='javascript'/>
                <label name='framework' value='wdio'/>
                <label name='thread' value='0-0'/>
            </labels>
            <parameters>
                <parameter kind='argument' name='browser' value='chrome'/>
                <parameter kind='environment-variable' name='capabilities' value='{"maxInstances":5,"browserName":"chrome"}'/>
                <parameter kind='environment-variable' name='spec files' value='["/Users/sysadmin/Desktop/dev/automation-testing-projects/tests/09-verify-elements.js"]'/>
            </parameters>
            <steps>
                <step start='1592155973455' status='passed' stop='1592155973521'>
                    <name>POST /wd/hub/session/cb912d05e8b42e076b1cf00887d7b4e2/url</name>
                    <title>POST /wd/hub/session/cb912d05e8b42e076b1cf00887d7b4e2/url</title>
                    <attachments>
                        <attachment title='Request' source='e312691c-d4ae-482a-983d-113d8ff61dca-attachment.json' type='application/json' size='78'/>
                        <attachment title='Response' source='8918c12a-c3dd-412e-a996-c7df0d1a9ac5-attachment.json' type='application/json' size='91'/>
                    </attachments>
                    <steps/>
                </step>
                <step start='1592155973526' status='passed' stop='1592155973541'>
                    <name>POST /wd/hub/session/cb912d05e8b42e076b1cf00887d7b4e2/elements</name>
                    <title>POST /wd/hub/session/cb912d05e8b42e076b1cf00887d7b4e2/elements</title>
                    <attachments>
                        <attachment title='Request' source='b173b73d-05a0-4351-a46f-bc5bc68dd00d-attachment.json' type='application/json' size='53'/>
                        <attachment title='Response' source='8305a9b3-3bfd-4e6c-a921-3f6249fef734-attachment.json' type='application/json' size='89'/>
                    </attachments>
                    <steps/>
                </step>
            </steps>
            <attachments/>
            <failure>
                <message>expected false to equal true</message>
                <stack-trace>AssertionError: expected false to equal true
                    at Context.it (/Users/sysadmin/Desktop/dev/automation-testing-projects/tests/09-verify-elements.js:62:19)
                    at new Promise (&lt;anonymous>)
                    at new F (/Users/sysadmin/Desktop/dev/automation-testing-projects/node_modules/core-js/library/modules/_export.js:36:28)</stack-trace>
            </failure>
        </test-case>
        <test-case start='1592155973547' status='passed' stop='1592155973655'>
            <name>should not be visible within current viewport</name>
            <title>should not be visible within current viewport</title>
            <labels>
                <label name='language' value='javascript'/>
                <label name='framework' value='wdio'/>
                <label name='thread' value='0-0'/>
            </labels>
            <parameters>
                <parameter kind='argument' name='browser' value='chrome'/>
                <parameter kind='environment-variable' name='capabilities' value='{"maxInstances":5,"browserName":"chrome"}'/>
                <parameter kind='environment-variable' name='spec files' value='["/Users/sysadmin/Desktop/dev/automation-testing-projects/tests/09-verify-elements.js"]'/>
            </parameters>
            <steps>
                <step start='1592155973548' status='passed' stop='1592155973616'>
                    <name>POST /wd/hub/session/cb912d05e8b42e076b1cf00887d7b4e2/url</name>
                    <title>POST /wd/hub/session/cb912d05e8b42e076b1cf00887d7b4e2/url</title>
                    <attachments>
                        <attachment title='Request' source='9829b816-230e-4bc7-bbc5-d4af9428b0cb-attachment.json' type='application/json' size='78'/>
                        <attachment title='Response' source='2e87789b-0e3d-4190-9b31-6efcfb4c7dd7-attachment.json' type='application/json' size='91'/>
                    </attachments>
                    <steps/>
                </step>
                <step start='1592155973629' status='passed' stop='1592155973645'>
                    <name>POST /wd/hub/session/cb912d05e8b42e076b1cf00887d7b4e2/execute</name>
                    <title>POST /wd/hub/session/cb912d05e8b42e076b1cf00887d7b4e2/execute</title>
                    <attachments>
                        <attachment title='Request' source='0d82283d-b3d2-436e-82b1-c05286a39ecd-attachment.json' type='application/json' size='63'/>
                        <attachment title='Response' source='2d4ba225-204c-4d42-ba96-948e17ff6348-attachment.json' type='application/json' size='91'/>
                    </attachments>
                    <steps/>
                </step>
                <step start='1592155973646' status='passed' stop='1592155973654'>
                    <name>POST /wd/hub/session/cb912d05e8b42e076b1cf00887d7b4e2/execute</name>
                    <title>POST /wd/hub/session/cb912d05e8b42e076b1cf00887d7b4e2/execute</title>
                    <attachments>
                        <attachment title='Request' source='9716c22a-9405-4741-a3c1-c775ba0105f9-attachment.json' type='application/json' size='2979'/>
                        <attachment title='Response' source='e898b6f0-be98-4506-9078-6c991e2ca32f-attachment.json' type='application/json' size='108'/>
                    </attachments>
                    <steps/>
                </step>
            </steps>
            <attachments/>
        </test-case>
        <test-case start='1592155973655' status='passed' stop='1592155973742'>
            <name>should be visible within current viewport</name>
            <title>should be visible within current viewport</title>
            <labels>
                <label name='language' value='javascript'/>
                <label name='framework' value='wdio'/>
                <label name='thread' value='0-0'/>
            </labels>
            <parameters>
                <parameter kind='argument' name='browser' value='chrome'/>
                <parameter kind='environment-variable' name='capabilities' value='{"maxInstances":5,"browserName":"chrome"}'/>
                <parameter kind='environment-variable' name='spec files' value='["/Users/sysadmin/Desktop/dev/automation-testing-projects/tests/09-verify-elements.js"]'/>
            </parameters>
            <steps>
                <step start='1592155973656' status='passed' stop='1592155973718'>
                    <name>POST /wd/hub/session/cb912d05e8b42e076b1cf00887d7b4e2/url</name>
                    <title>POST /wd/hub/session/cb912d05e8b42e076b1cf00887d7b4e2/url</title>
                    <attachments>
                        <attachment title='Request' source='5640bc45-5d5e-4c8b-b017-c92a621a00ae-attachment.json' type='application/json' size='78'/>
                        <attachment title='Response' source='2fa4162b-57b2-4041-9445-74b912242da4-attachment.json' type='application/json' size='91'/>
                    </attachments>
                    <steps/>
                </step>
                <step start='1592155973723' status='passed' stop='1592155973732'>
                    <name>POST /wd/hub/session/cb912d05e8b42e076b1cf00887d7b4e2/execute</name>
                    <title>POST /wd/hub/session/cb912d05e8b42e076b1cf00887d7b4e2/execute</title>
                    <attachments>
                        <attachment title='Request' source='c944900f-bd0c-483b-bd71-90b512642ced-attachment.json' type='application/json' size='63'/>
                        <attachment title='Response' source='29877d59-6494-4d6c-a77c-8305fa06b509-attachment.json' type='application/json' size='91'/>
                    </attachments>
                    <steps/>
                </step>
                <step start='1592155973733' status='passed' stop='1592155973742'>
                    <name>POST /wd/hub/session/cb912d05e8b42e076b1cf00887d7b4e2/execute</name>
                    <title>POST /wd/hub/session/cb912d05e8b42e076b1cf00887d7b4e2/execute</title>
                    <attachments>
                        <attachment title='Request' source='be151376-a666-4835-a899-68191153ee12-attachment.json' type='application/json' size='2978'/>
                        <attachment title='Response' source='048be9e7-f9d3-48a0-9e17-55c8d601329f-attachment.json' type='application/json' size='107'/>
                    </attachments>
                    <steps/>
                </step>
            </steps>
            <attachments/>
        </test-case>
    </test-cases>
</ns2:test-suite>